2020-03-23 19:41:58.789  INFO 13580 --- [main] wanzhi.gulu.community.LambdaTest         : Starting LambdaTest on DESKTOP-L1P4GPM with PID 13580 (started by HY in E:\IDEAJavaProjects\mawen_mybatis_generator\community)
2020-03-23 19:41:58.807  INFO 13580 --- [main] wanzhi.gulu.community.LambdaTest         : No active profile set, falling back to default profiles: default
2020-03-23 19:42:05.528  INFO 13580 --- [main] o.s.s.concurrent.ThreadPoolTaskExecutor  : Initializing ExecutorService 'applicationTaskExecutor'
2020-03-23 19:42:05.818  INFO 13580 --- [main] o.s.b.a.w.s.WelcomePageHandlerMapping    : Adding welcome page template: index
2020-03-23 19:42:07.653  INFO 13580 --- [main] wanzhi.gulu.community.LambdaTest         : Started LambdaTest in 11.229 seconds (JVM running for 14.415)
2020-03-23 19:42:08.906  INFO 13580 --- [Thread-3] o.s.s.concurrent.ThreadPoolTaskExecutor  : Shutting down ExecutorService 'applicationTaskExecutor'
2020-03-23 19:45:34.479  INFO 13992 --- [main] wanzhi.gulu.community.LambdaTest         : Starting LambdaTest on DESKTOP-L1P4GPM with PID 13992 (started by HY in E:\IDEAJavaProjects\mawen_mybatis_generator\community)
2020-03-23 19:45:34.482  INFO 13992 --- [main] wanzhi.gulu.community.LambdaTest         : No active profile set, falling back to default profiles: default
2020-03-23 19:45:41.328  INFO 13992 --- [main] o.s.s.concurrent.ThreadPoolTaskExecutor  : Initializing ExecutorService 'applicationTaskExecutor'
2020-03-23 19:45:41.608  INFO 13992 --- [main] o.s.b.a.w.s.WelcomePageHandlerMapping    : Adding welcome page template: index
2020-03-23 19:45:42.685  INFO 13992 --- [main] wanzhi.gulu.community.LambdaTest         : Started LambdaTest in 9.206 seconds (JVM running for 11.684)
2020-03-23 19:45:43.132  INFO 13992 --- [Thread-3] o.s.s.concurrent.ThreadPoolTaskExecutor  : Shutting down ExecutorService 'applicationTaskExecutor'
2020-03-23 19:51:17.298  INFO 15552 --- [main] wanzhi.gulu.community.LambdaTest         : Starting LambdaTest on DESKTOP-L1P4GPM with PID 15552 (started by HY in E:\IDEAJavaProjects\mawen_mybatis_generator\community)
2020-03-23 19:51:17.302  INFO 15552 --- [main] wanzhi.gulu.community.LambdaTest         : No active profile set, falling back to default profiles: default
2020-03-23 19:51:23.907  INFO 15552 --- [main] o.s.s.concurrent.ThreadPoolTaskExecutor  : Initializing ExecutorService 'applicationTaskExecutor'
2020-03-23 19:51:24.181  INFO 15552 --- [main] o.s.b.a.w.s.WelcomePageHandlerMapping    : Adding welcome page template: index
2020-03-23 19:51:25.315  INFO 15552 --- [main] wanzhi.gulu.community.LambdaTest         : Started LambdaTest in 9.105 seconds (JVM running for 11.434)
2020-03-23 19:51:25.797  INFO 15552 --- [Thread-3] o.s.s.concurrent.ThreadPoolTaskExecutor  : Shutting down ExecutorService 'applicationTaskExecutor'
2020-03-23 19:51:51.818  INFO 14932 --- [main] wanzhi.gulu.community.LambdaTest         : Starting LambdaTest on DESKTOP-L1P4GPM with PID 14932 (started by HY in E:\IDEAJavaProjects\mawen_mybatis_generator\community)
2020-03-23 19:51:51.821  INFO 14932 --- [main] wanzhi.gulu.community.LambdaTest         : No active profile set, falling back to default profiles: default
2020-03-23 19:51:57.996  INFO 14932 --- [main] o.s.s.concurrent.ThreadPoolTaskExecutor  : Initializing ExecutorService 'applicationTaskExecutor'
2020-03-23 19:51:58.248  INFO 14932 --- [main] o.s.b.a.w.s.WelcomePageHandlerMapping    : Adding welcome page template: index
2020-03-23 19:51:59.406  INFO 14932 --- [main] wanzhi.gulu.community.LambdaTest         : Started LambdaTest in 8.77 seconds (JVM running for 10.99)
2020-03-23 19:51:59.824  INFO 14932 --- [Thread-3] o.s.s.concurrent.ThreadPoolTaskExecutor  : Shutting down ExecutorService 'applicationTaskExecutor'
2020-03-23 19:53:32.808  INFO 8096 --- [main] wanzhi.gulu.community.LambdaTest         : Starting LambdaTest on DESKTOP-L1P4GPM with PID 8096 (started by HY in E:\IDEAJavaProjects\mawen_mybatis_generator\community)
2020-03-23 19:53:32.811  INFO 8096 --- [main] wanzhi.gulu.community.LambdaTest         : No active profile set, falling back to default profiles: default
2020-03-23 19:53:40.378  INFO 8096 --- [main] o.s.s.concurrent.ThreadPoolTaskExecutor  : Initializing ExecutorService 'applicationTaskExecutor'
2020-03-23 19:53:41.558  INFO 8096 --- [main] o.s.b.a.w.s.WelcomePageHandlerMapping    : Adding welcome page template: index
2020-03-23 19:53:43.412  INFO 8096 --- [main] wanzhi.gulu.community.LambdaTest         : Started LambdaTest in 11.882 seconds (JVM running for 14.216)
2020-03-23 19:53:44.003  INFO 8096 --- [Thread-3] o.s.s.concurrent.ThreadPoolTaskExecutor  : Shutting down ExecutorService 'applicationTaskExecutor'
2020-03-23 19:55:03.489  INFO 1976 --- [main] wanzhi.gulu.community.LambdaTest         : Starting LambdaTest on DESKTOP-L1P4GPM with PID 1976 (started by HY in E:\IDEAJavaProjects\mawen_mybatis_generator\community)
2020-03-23 19:55:03.515  INFO 1976 --- [main] wanzhi.gulu.community.LambdaTest         : No active profile set, falling back to default profiles: default
2020-03-23 19:55:09.970  INFO 1976 --- [main] o.s.s.concurrent.ThreadPoolTaskExecutor  : Initializing ExecutorService 'applicationTaskExecutor'
2020-03-23 19:55:10.273  INFO 1976 --- [main] o.s.b.a.w.s.WelcomePageHandlerMapping    : Adding welcome page template: index
2020-03-23 19:55:11.574  INFO 1976 --- [main] wanzhi.gulu.community.LambdaTest         : Started LambdaTest in 9.388 seconds (JVM running for 11.716)
2020-03-23 19:55:12.057  INFO 1976 --- [Thread-3] o.s.s.concurrent.ThreadPoolTaskExecutor  : Shutting down ExecutorService 'applicationTaskExecutor'
2020-03-23 19:57:16.131  INFO 10820 --- [main] wanzhi.gulu.community.LambdaTest         : Starting LambdaTest on DESKTOP-L1P4GPM with PID 10820 (started by HY in E:\IDEAJavaProjects\mawen_mybatis_generator\community)
2020-03-23 19:57:16.134  INFO 10820 --- [main] wanzhi.gulu.community.LambdaTest         : No active profile set, falling back to default profiles: default
2020-03-23 19:57:22.091  INFO 10820 --- [main] o.s.s.concurrent.ThreadPoolTaskExecutor  : Initializing ExecutorService 'applicationTaskExecutor'
2020-03-23 19:57:22.284  INFO 10820 --- [main] o.s.b.a.w.s.WelcomePageHandlerMapping    : Adding welcome page template: index
2020-03-23 19:57:23.282  INFO 10820 --- [main] wanzhi.gulu.community.LambdaTest         : Started LambdaTest in 8.385 seconds (JVM running for 10.48)
2020-03-23 19:57:23.741  INFO 10820 --- [Thread-3] o.s.s.concurrent.ThreadPoolTaskExecutor  : Shutting down ExecutorService 'applicationTaskExecutor'
2020-03-23 20:13:46.363  INFO 12396 --- [main] wanzhi.gulu.community.StreamTest         : Starting StreamTest on DESKTOP-L1P4GPM with PID 12396 (started by HY in E:\IDEAJavaProjects\mawen_mybatis_generator\community)
2020-03-23 20:13:46.366  INFO 12396 --- [main] wanzhi.gulu.community.StreamTest         : No active profile set, falling back to default profiles: default
2020-03-23 20:13:53.344  INFO 12396 --- [main] o.s.s.concurrent.ThreadPoolTaskExecutor  : Initializing ExecutorService 'applicationTaskExecutor'
2020-03-23 20:13:53.644  INFO 12396 --- [main] o.s.b.a.w.s.WelcomePageHandlerMapping    : Adding welcome page template: index
2020-03-23 20:13:55.068  INFO 12396 --- [main] wanzhi.gulu.community.StreamTest         : Started StreamTest in 9.699 seconds (JVM running for 11.984)
2020-03-23 20:13:55.589  INFO 12396 --- [Thread-3] o.s.s.concurrent.ThreadPoolTaskExecutor  : Shutting down ExecutorService 'applicationTaskExecutor'
2020-03-23 20:20:58.633  INFO 10456 --- [main] wanzhi.gulu.community.StreamTest         : Starting StreamTest on DESKTOP-L1P4GPM with PID 10456 (started by HY in E:\IDEAJavaProjects\mawen_mybatis_generator\community)
2020-03-23 20:20:58.636  INFO 10456 --- [main] wanzhi.gulu.community.StreamTest         : No active profile set, falling back to default profiles: default
2020-03-23 20:21:05.743  INFO 10456 --- [main] o.s.s.concurrent.ThreadPoolTaskExecutor  : Initializing ExecutorService 'applicationTaskExecutor'
2020-03-23 20:21:06.052  INFO 10456 --- [main] o.s.b.a.w.s.WelcomePageHandlerMapping    : Adding welcome page template: index
2020-03-23 20:21:07.335  INFO 10456 --- [main] wanzhi.gulu.community.StreamTest         : Started StreamTest in 10.439 seconds (JVM running for 13.968)
2020-03-23 20:21:07.853  INFO 10456 --- [Thread-3] o.s.s.concurrent.ThreadPoolTaskExecutor  : Shutting down ExecutorService 'applicationTaskExecutor'
2020-03-23 20:27:20.074  INFO 2956 --- [main] wanzhi.gulu.community.StreamTest         : Starting StreamTest on DESKTOP-L1P4GPM with PID 2956 (started by HY in E:\IDEAJavaProjects\mawen_mybatis_generator\community)
2020-03-23 20:27:20.078  INFO 2956 --- [main] wanzhi.gulu.community.StreamTest         : No active profile set, falling back to default profiles: default
2020-03-23 20:27:28.886  INFO 2956 --- [main] o.s.s.concurrent.ThreadPoolTaskExecutor  : Initializing ExecutorService 'applicationTaskExecutor'
2020-03-23 20:27:29.191  INFO 2956 --- [main] o.s.b.a.w.s.WelcomePageHandlerMapping    : Adding welcome page template: index
2020-03-23 20:27:30.478  INFO 2956 --- [main] wanzhi.gulu.community.StreamTest         : Started StreamTest in 11.546 seconds (JVM running for 13.952)
2020-03-23 20:27:30.948  INFO 2956 --- [Thread-3] o.s.s.concurrent.ThreadPoolTaskExecutor  : Shutting down ExecutorService 'applicationTaskExecutor'
2020-03-23 20:32:53.736  INFO 11320 --- [main] wanzhi.gulu.community.StreamTest         : Starting StreamTest on DESKTOP-L1P4GPM with PID 11320 (started by HY in E:\IDEAJavaProjects\mawen_mybatis_generator\community)
2020-03-23 20:32:53.741  INFO 11320 --- [main] wanzhi.gulu.community.StreamTest         : No active profile set, falling back to default profiles: default
2020-03-23 20:33:00.191  INFO 11320 --- [main] o.s.s.concurrent.ThreadPoolTaskExecutor  : Initializing ExecutorService 'applicationTaskExecutor'
2020-03-23 20:33:00.454  INFO 11320 --- [main] o.s.b.a.w.s.WelcomePageHandlerMapping    : Adding welcome page template: index
2020-03-23 20:33:01.613  INFO 11320 --- [main] wanzhi.gulu.community.StreamTest         : Started StreamTest in 8.926 seconds (JVM running for 11.253)
2020-03-23 20:33:02.076  INFO 11320 --- [Thread-3] o.s.s.concurrent.ThreadPoolTaskExecutor  : Shutting down ExecutorService 'applicationTaskExecutor'
2020-03-23 20:39:03.698  INFO 1196 --- [main] wanzhi.gulu.community.StreamTest         : Starting StreamTest on DESKTOP-L1P4GPM with PID 1196 (started by HY in E:\IDEAJavaProjects\mawen_mybatis_generator\community)
2020-03-23 20:39:03.701  INFO 1196 --- [main] wanzhi.gulu.community.StreamTest         : No active profile set, falling back to default profiles: default
2020-03-23 20:39:10.531  INFO 1196 --- [main] o.s.s.concurrent.ThreadPoolTaskExecutor  : Initializing ExecutorService 'applicationTaskExecutor'
2020-03-23 20:39:10.879  INFO 1196 --- [main] o.s.b.a.w.s.WelcomePageHandlerMapping    : Adding welcome page template: index
2020-03-23 20:39:12.154  INFO 1196 --- [main] wanzhi.gulu.community.StreamTest         : Started StreamTest in 9.712 seconds (JVM running for 12.241)
2020-03-23 20:39:12.616  INFO 1196 --- [Thread-3] o.s.s.concurrent.ThreadPoolTaskExecutor  : Shutting down ExecutorService 'applicationTaskExecutor'
2020-03-23 20:39:40.764  INFO 1476 --- [main] wanzhi.gulu.community.StreamTest         : Starting StreamTest on DESKTOP-L1P4GPM with PID 1476 (started by HY in E:\IDEAJavaProjects\mawen_mybatis_generator\community)
2020-03-23 20:39:40.767  INFO 1476 --- [main] wanzhi.gulu.community.StreamTest         : No active profile set, falling back to default profiles: default
2020-03-23 20:39:46.798  INFO 1476 --- [main] o.s.s.concurrent.ThreadPoolTaskExecutor  : Initializing ExecutorService 'applicationTaskExecutor'
2020-03-23 20:39:47.119  INFO 1476 --- [main] o.s.b.a.w.s.WelcomePageHandlerMapping    : Adding welcome page template: index
2020-03-23 20:39:48.142  INFO 1476 --- [main] wanzhi.gulu.community.StreamTest         : Started StreamTest in 8.43 seconds (JVM running for 10.856)
2020-03-23 20:39:48.628  INFO 1476 --- [Thread-3] o.s.s.concurrent.ThreadPoolTaskExecutor  : Shutting down ExecutorService 'applicationTaskExecutor'
2020-03-23 20:41:29.602  INFO 8684 --- [main] wanzhi.gulu.community.StreamTest         : Starting StreamTest on DESKTOP-L1P4GPM with PID 8684 (started by HY in E:\IDEAJavaProjects\mawen_mybatis_generator\community)
2020-03-23 20:41:29.609  INFO 8684 --- [main] wanzhi.gulu.community.StreamTest         : No active profile set, falling back to default profiles: default
2020-03-23 20:41:36.159  INFO 8684 --- [main] o.s.s.concurrent.ThreadPoolTaskExecutor  : Initializing ExecutorService 'applicationTaskExecutor'
2020-03-23 20:41:36.404  INFO 8684 --- [main] o.s.b.a.w.s.WelcomePageHandlerMapping    : Adding welcome page template: index
2020-03-23 20:41:37.553  INFO 8684 --- [main] wanzhi.gulu.community.StreamTest         : Started StreamTest in 9.01 seconds (JVM running for 11.516)
2020-03-23 20:41:38.007  INFO 8684 --- [Thread-3] o.s.s.concurrent.ThreadPoolTaskExecutor  : Shutting down ExecutorService 'applicationTaskExecutor'
2020-03-23 20:44:24.914  INFO 13560 --- [main] wanzhi.gulu.community.StreamTest         : Starting StreamTest on DESKTOP-L1P4GPM with PID 13560 (started by HY in E:\IDEAJavaProjects\mawen_mybatis_generator\community)
2020-03-23 20:44:24.923  INFO 13560 --- [main] wanzhi.gulu.community.StreamTest         : No active profile set, falling back to default profiles: default
2020-03-23 20:44:31.075  INFO 13560 --- [main] o.s.s.concurrent.ThreadPoolTaskExecutor  : Initializing ExecutorService 'applicationTaskExecutor'
2020-03-23 20:44:31.346  INFO 13560 --- [main] o.s.b.a.w.s.WelcomePageHandlerMapping    : Adding welcome page template: index
2020-03-23 20:44:32.521  INFO 13560 --- [main] wanzhi.gulu.community.StreamTest         : Started StreamTest in 8.789 seconds (JVM running for 11.817)
2020-03-23 20:44:33.055  INFO 13560 --- [Thread-3] o.s.s.concurrent.ThreadPoolTaskExecutor  : Shutting down ExecutorService 'applicationTaskExecutor'
2020-03-23 20:44:57.333  INFO 9376 --- [main] wanzhi.gulu.community.StreamTest         : Starting StreamTest on DESKTOP-L1P4GPM with PID 9376 (started by HY in E:\IDEAJavaProjects\mawen_mybatis_generator\community)
2020-03-23 20:44:57.336  INFO 9376 --- [main] wanzhi.gulu.community.StreamTest         : No active profile set, falling back to default profiles: default
2020-03-23 20:45:03.612  INFO 9376 --- [main] o.s.s.concurrent.ThreadPoolTaskExecutor  : Initializing ExecutorService 'applicationTaskExecutor'
2020-03-23 20:45:03.854  INFO 9376 --- [main] o.s.b.a.w.s.WelcomePageHandlerMapping    : Adding welcome page template: index
2020-03-23 20:45:04.878  INFO 9376 --- [main] wanzhi.gulu.community.StreamTest         : Started StreamTest in 8.846 seconds (JVM running for 11.145)
2020-03-23 20:45:05.270  INFO 9376 --- [Thread-3] o.s.s.concurrent.ThreadPoolTaskExecutor  : Shutting down ExecutorService 'applicationTaskExecutor'
2020-03-23 20:45:41.697  INFO 12656 --- [main] wanzhi.gulu.community.StreamTest         : Starting StreamTest on DESKTOP-L1P4GPM with PID 12656 (started by HY in E:\IDEAJavaProjects\mawen_mybatis_generator\community)
2020-03-23 20:45:41.699  INFO 12656 --- [main] wanzhi.gulu.community.StreamTest         : No active profile set, falling back to default profiles: default
2020-03-23 20:45:48.071  INFO 12656 --- [main] o.s.s.concurrent.ThreadPoolTaskExecutor  : Initializing ExecutorService 'applicationTaskExecutor'
2020-03-23 20:45:48.314  INFO 12656 --- [main] o.s.b.a.w.s.WelcomePageHandlerMapping    : Adding welcome page template: index
2020-03-23 20:45:49.376  INFO 12656 --- [main] wanzhi.gulu.community.StreamTest         : Started StreamTest in 8.845 seconds (JVM running for 10.996)
2020-03-23 20:45:49.835  INFO 12656 --- [Thread-3] o.s.s.concurrent.ThreadPoolTaskExecutor  : Shutting down ExecutorService 'applicationTaskExecutor'
